<?xml version="1.0" encoding="UTF-8"?>
<!-- Generated by org.testng.reporters.JUnitReportReporter -->
<testsuite hostname="DESKTOP-GE6LMT5" failures="0" tests="1" name="MobileAutomationTesting.SonyLivTesting" time="6.915" errors="0" timestamp="2025-05-29T12:06:13 IST" skipped="0">
  <testcase classname="MobileAutomationTesting.SonyLivTesting" name="sonyLivTesting" time="6.915"/>
</testsuite> <!-- MobileAutomationTesting.SonyLivTesting -->
