<?xml version="1.0" encoding="UTF-8"?>
<!-- Generated by org.testng.reporters.JUnitReportReporter -->
<testsuite hostname="DESKTOP-GE6LMT5" failures="0" tests="1" name="MobileAutomationTesting.HotstarLaunch" time="38.176" errors="0" timestamp="2025-06-08T19:08:48 IST" skipped="0">
  <testcase classname="MobileAutomationTesting.HotstarLaunch" name="hotstarTest" time="38.176"/>
</testsuite> <!-- MobileAutomationTesting.HotstarLaunch -->
