<?xml version="1.0" encoding="UTF-8"?>
<!-- Generated by org.testng.reporters.JUnitReportReporter -->
<testsuite hostname="DESKTOP-GE6LMT5" failures="0" tests="3" name="Tests.HotstarPlayerScreenOutputs" time="82.774" errors="1" timestamp="2025-06-12T17:00:11 IST" skipped="1">
  <testcase classname="Tests.HotstarPlayerScreenOutputs" name="tearDown" time="1.072">
    <error message="Session ID is null. Using WebDriver after calling quit()?
Build info: version: &#039;4.33.0&#039;, revision: &#039;2c6aaad03a&#039;
System info: os.name: &#039;Windows 10&#039;, os.arch: &#039;amd64&#039;, os.version: &#039;10.0&#039;, java.version: &#039;11.0.2&#039;
Driver info: io.appium.java_client.android.AndroidDriver
Command: [null, executeScript {args=[{keycode=3}], script=mobile: pressKey}]
Capabilities {appium:automationName: UIAutomator2, appium:databaseEnabled: false, appium:desired: {automationName: UIAutomator2, deviceName: 192.168.1.23:5555, mjpegServerPort: 0, platformName: ANDROID, udid: 192.168.1.23:5555}, appium:deviceApiLevel: 30, appium:deviceManufacturer: Jio, appium:deviceModel: JMSB200A, appium:deviceName: 192.168.1.23:5555, appium:deviceScreenDensity: 320, appium:deviceScreenSize: 1920x1080, appium:deviceUDID: 192.168.1.23:5555, appium:javascriptEnabled: true, appium:locationContextEnabled: false, appium:mjpegServerPort: 0, appium:networkConnectionEnabled: true, appium:pixelRatio: 2, appium:platformVersion: 11, appium:statBarHeight: 0, appium:takesScreenshot: true, appium:udid: 192.168.1.23:5555, appium:viewportRect: {height: 1080, left: 0, top: 0, width: 1920}, appium:warnings: {}, appium:webStorageEnabled: false, platformName: ANDROID}" type="org.openqa.selenium.NoSuchSessionException">
      <![CDATA[org.openqa.selenium.NoSuchSessionException: Session ID is null. Using WebDriver after calling quit()?
Build info: version: '4.33.0', revision: '2c6aaad03a'
System info: os.name: 'Windows 10', os.arch: 'amd64', os.version: '10.0', java.version: '11.0.2'
Driver info: io.appium.java_client.android.AndroidDriver
Command: [null, executeScript {args=[{keycode=3}], script=mobile: pressKey}]
Capabilities {appium:automationName: UIAutomator2, appium:databaseEnabled: false, appium:desired: {automationName: UIAutomator2, deviceName: 192.168.1.23:5555, mjpegServerPort: 0, platformName: ANDROID, udid: 192.168.1.23:5555}, appium:deviceApiLevel: 30, appium:deviceManufacturer: Jio, appium:deviceModel: JMSB200A, appium:deviceName: 192.168.1.23:5555, appium:deviceScreenDensity: 320, appium:deviceScreenSize: 1920x1080, appium:deviceUDID: 192.168.1.23:5555, appium:javascriptEnabled: true, appium:locationContextEnabled: false, appium:mjpegServerPort: 0, appium:networkConnectionEnabled: true, appium:pixelRatio: 2, appium:platformVersion: 11, appium:statBarHeight: 0, appium:takesScreenshot: true, appium:udid: 192.168.1.23:5555, appium:viewportRect: {height: 1080, left: 0, top: 0, width: 1920}, appium:warnings: {}, appium:webStorageEnabled: false, platformName: ANDROID}
at org.openqa.selenium.remote.HttpCommandExecutor.execute(HttpCommandExecutor.java:176)
at io.appium.java_client.remote.AppiumCommandExecutor.execute(AppiumCommandExecutor.java:237)
at org.openqa.selenium.remote.RemoteWebDriver.execute(RemoteWebDriver.java:544)
at org.openqa.selenium.remote.RemoteWebDriver.execute(RemoteWebDriver.java:617)
at io.appium.java_client.AppiumDriver.execute(AppiumDriver.java:305)
at io.appium.java_client.CommandExecutionHelper.execute(CommandExecutionHelper.java:36)
at io.appium.java_client.CommandExecutionHelper.executeScript(CommandExecutionHelper.java:67)
at io.appium.java_client.android.nativekey.PressesKey.pressKey(PressesKey.java:40)
at Tests.BaseTest.tearDown(BaseTest.java:94)
at java.base/jdk.internal.reflect.NativeMethodAccessorImpl.invoke0(Native Method)
at java.base/jdk.internal.reflect.NativeMethodAccessorImpl.invoke(NativeMethodAccessorImpl.java:62)
at java.base/jdk.internal.reflect.DelegatingMethodAccessorImpl.invoke(DelegatingMethodAccessorImpl.java:43)
at java.base/java.lang.reflect.Method.invoke(Method.java:566)
at org.testng.internal.invokers.MethodInvocationHelper.invokeMethod(MethodInvocationHelper.java:141)
at org.testng.internal.invokers.MethodInvocationHelper.invokeMethodConsideringTimeout(MethodInvocationHelper.java:71)
at org.testng.internal.invokers.ConfigInvoker.invokeConfigurationMethod(ConfigInvoker.java:400)
at org.testng.internal.invokers.ConfigInvoker.invokeConfigurations(ConfigInvoker.java:333)
at org.testng.SuiteRunner.privateRun(SuiteRunner.java:386)
at org.testng.SuiteRunner.run(SuiteRunner.java:312)
at org.testng.SuiteRunnerWorker.runSuite(SuiteRunnerWorker.java:52)
at org.testng.SuiteRunnerWorker.run(SuiteRunnerWorker.java:95)
at org.testng.TestNG.runSuitesSequentially(TestNG.java:1274)
at org.testng.TestNG.runSuitesLocally(TestNG.java:1208)
at org.testng.TestNG.runSuites(TestNG.java:1112)
at org.testng.TestNG.run(TestNG.java:1079)
at org.testng.remote.AbstractRemoteTestNG.run(AbstractRemoteTestNG.java:115)
at org.testng.remote.RemoteTestNG.initAndRun(RemoteTestNG.java:293)
at org.testng.remote.RemoteTestNG.main(RemoteTestNG.java:91)
]]>
    </error>
  </testcase> <!-- tearDown -->
  <testcase classname="Tests.HotstarPlayerScreenOutputs" name="adScreen" time="81.702"/>
  <testcase classname="Tests.HotstarPlayerScreenOutputs" name="jioHotstarPlayreResult">
    <skipped/>
  </testcase> <!-- jioHotstarPlayreResult -->
</testsuite> <!-- Tests.HotstarPlayerScreenOutputs -->
