<?xml version="1.0" encoding="UTF-8"?>
<!-- Generated by org.testng.reporters.JUnitReportReporter -->
<testsuite hostname="DESKTOP-GE6LMT5" failures="0" tests="6" name="Tests.TestCase3" time="145.187" errors="1" timestamp="2025-06-10T14:38:46 IST" skipped="0">
  <testcase classname="Tests.TestCase3" name="testCase01" time="25.351">
    <error message="Expected condition failed: waiting for visibility of element located by By.xpath: //android.view.ViewGroup[@resource-id=&#039;com.jiotv.sonyliv:id/profile_parent_cl&#039;] (tried for 10 second(s) with 500 milliseconds interval)
Build info: version: &#039;4.33.0&#039;, revision: &#039;2c6aaad03a&#039;
System info: os.name: &#039;Windows 10&#039;, os.arch: &#039;amd64&#039;, os.version: &#039;10.0&#039;, java.version: &#039;11.0.2&#039;
Driver info: io.appium.java_client.android.AndroidDriver
Capabilities {appium:automationName: UIAutomator2, appium:databaseEnabled: false, appium:desired: {automationName: UIAutomator2, deviceName: 192.168.29.230:5555, platformName: ANDROID, udid: 192.168.29.230:5555}, appium:deviceApiLevel: 30, appium:deviceManufacturer: Jio, appium:deviceModel: JHSD200, appium:deviceName: 192.168.29.230:5555, appium:deviceScreenDensity: 320, appium:deviceScreenSize: 1920x1080, appium:deviceUDID: 192.168.29.230:5555, appium:javascriptEnabled: true, appium:locationContextEnabled: false, appium:networkConnectionEnabled: true, appium:pixelRatio: 2, appium:platformVersion: 11, appium:statBarHeight: 0, appium:takesScreenshot: true, appium:udid: 192.168.29.230:5555, appium:viewportRect: {height: 1080, left: 0, top: 0, width: 1920}, appium:warnings: {}, appium:webStorageEnabled: false, platformName: ANDROID}
Session ID: 74b6feea-e5d7-4261-bcd6-558e2f037294" type="org.openqa.selenium.TimeoutException">
      <![CDATA[org.openqa.selenium.TimeoutException: Expected condition failed: waiting for visibility of element located by By.xpath: //android.view.ViewGroup[@resource-id='com.jiotv.sonyliv:id/profile_parent_cl'] (tried for 10 second(s) with 500 milliseconds interval)
Build info: version: '4.33.0', revision: '2c6aaad03a'
System info: os.name: 'Windows 10', os.arch: 'amd64', os.version: '10.0', java.version: '11.0.2'
Driver info: io.appium.java_client.android.AndroidDriver
Capabilities {appium:automationName: UIAutomator2, appium:databaseEnabled: false, appium:desired: {automationName: UIAutomator2, deviceName: 192.168.29.230:5555, platformName: ANDROID, udid: 192.168.29.230:5555}, appium:deviceApiLevel: 30, appium:deviceManufacturer: Jio, appium:deviceModel: JHSD200, appium:deviceName: 192.168.29.230:5555, appium:deviceScreenDensity: 320, appium:deviceScreenSize: 1920x1080, appium:deviceUDID: 192.168.29.230:5555, appium:javascriptEnabled: true, appium:locationContextEnabled: false, appium:networkConnectionEnabled: true, appium:pixelRatio: 2, appium:platformVersion: 11, appium:statBarHeight: 0, appium:takesScreenshot: true, appium:udid: 192.168.29.230:5555, appium:viewportRect: {height: 1080, left: 0, top: 0, width: 1920}, appium:warnings: {}, appium:webStorageEnabled: false, platformName: ANDROID}
Session ID: 74b6feea-e5d7-4261-bcd6-558e2f037294
at org.openqa.selenium.support.ui.WebDriverWait.timeoutException(WebDriverWait.java:84)
at org.openqa.selenium.support.ui.FluentWait.until(FluentWait.java:228)
at Pages.SonyLiv.selctMenuOption(SonyLiv.java:44)
at Tests.TestCase3.testCase01(TestCase3.java:29)
at java.base/jdk.internal.reflect.NativeMethodAccessorImpl.invoke0(Native Method)
at java.base/jdk.internal.reflect.NativeMethodAccessorImpl.invoke(NativeMethodAccessorImpl.java:62)
at java.base/jdk.internal.reflect.DelegatingMethodAccessorImpl.invoke(DelegatingMethodAccessorImpl.java:43)
at java.base/java.lang.reflect.Method.invoke(Method.java:566)
at org.testng.internal.invokers.MethodInvocationHelper.invokeMethod(MethodInvocationHelper.java:141)
at org.testng.internal.invokers.TestInvoker.invokeMethod(TestInvoker.java:687)
at org.testng.internal.invokers.TestInvoker.invokeTestMethod(TestInvoker.java:230)
at org.testng.internal.invokers.MethodRunner.runInSequence(MethodRunner.java:63)
at org.testng.internal.invokers.TestInvoker$MethodInvocationAgent.invoke(TestInvoker.java:995)
at org.testng.internal.invokers.TestInvoker.invokeTestMethods(TestInvoker.java:203)
at org.testng.internal.invokers.TestMethodWorker.invokeTestMethods(TestMethodWorker.java:154)
at org.testng.internal.invokers.TestMethodWorker.run(TestMethodWorker.java:134)
at java.base/java.util.ArrayList.forEach(ArrayList.java:1540)
at org.testng.TestRunner.privateRun(TestRunner.java:741)
at org.testng.TestRunner.run(TestRunner.java:616)
at org.testng.SuiteRunner.runTest(SuiteRunner.java:421)
at org.testng.SuiteRunner.runSequentially(SuiteRunner.java:413)
at org.testng.SuiteRunner.privateRun(SuiteRunner.java:373)
at org.testng.SuiteRunner.run(SuiteRunner.java:312)
at org.testng.SuiteRunnerWorker.runSuite(SuiteRunnerWorker.java:52)
at org.testng.SuiteRunnerWorker.run(SuiteRunnerWorker.java:95)
at org.testng.TestNG.runSuitesSequentially(TestNG.java:1274)
at org.testng.TestNG.runSuitesLocally(TestNG.java:1208)
at org.testng.TestNG.runSuites(TestNG.java:1112)
at org.testng.TestNG.run(TestNG.java:1079)
at org.testng.remote.AbstractRemoteTestNG.run(AbstractRemoteTestNG.java:115)
at org.testng.remote.RemoteTestNG.initAndRun(RemoteTestNG.java:293)
at org.testng.remote.RemoteTestNG.main(RemoteTestNG.java:91)
]]>
    </error>
  </testcase> <!-- testCase01 -->
  <testcase classname="Tests.TestCase3" name="playMultipleContents" time="28.122"/>
  <testcase classname="Tests.TestCase3" name="playMultipleContents" time="21.948"/>
  <testcase classname="Tests.TestCase3" name="playMultipleContents" time="23.757"/>
  <testcase classname="Tests.TestCase3" name="playMultipleContents" time="21.727"/>
  <testcase classname="Tests.TestCase3" name="playMultipleContents" time="24.282"/>
</testsuite> <!-- Tests.TestCase3 -->
