<?xml version="1.0" encoding="UTF-8"?>
<!-- Generated by org.testng.reporters.JUnitReportReporter -->
<testsuite hostname="DESKTOP-GE6LMT5" failures="0" tests="1" name="MobileAutomationTesting.MissellaneousActivities" time="5.438" errors="0" timestamp="2025-06-05T17:14:41 IST" skipped="0">
  <testcase classname="MobileAutomationTesting.MissellaneousActivities" name="orintationTest" time="5.438"/>
</testsuite> <!-- MobileAutomationTesting.MissellaneousActivities -->
