<?xml version="1.0" encoding="UTF-8"?>
<!-- Generated by org.testng.reporters.JUnitReportReporter -->
<testsuite hostname="DESKTOP-GE6LMT5" failures="0" tests="1" name="MobileAutomationTesting.AppiumAutomation" time="7.780" errors="0" timestamp="2025-06-02T11:59:14 IST" skipped="0">
  <testcase classname="MobileAutomationTesting.AppiumAutomation" name="appiumTest01" time="7.780"/>
</testsuite> <!-- MobileAutomationTesting.AppiumAutomation -->
