<?xml version="1.0" encoding="UTF-8"?>
<!-- Generated by org.testng.reporters.JUnitReportReporter -->
<testsuite hostname="DESKTOP-GE6LMT5" failures="0" tests="1" name="MobileAutomationTesting.DragAndDropGesture" time="5.562" errors="0" timestamp="2025-06-05T16:28:15 IST" skipped="0">
  <testcase classname="MobileAutomationTesting.DragAndDropGesture" name="swapGesture" time="5.562"/>
</testsuite> <!-- MobileAutomationTesting.DragAndDropGesture -->
