<?xml version="1.0" encoding="UTF-8"?>
<!-- Generated by org.testng.reporters.JUnitReportReporter -->
<testsuite hostname="DESKTOP-GE6LMT5" failures="0" tests="1" name="MobileAutomationTesting.ScrallInToElementAction" time="14.397" errors="0" timestamp="2025-05-30T18:23:14 IST" skipped="0">
  <testcase classname="MobileAutomationTesting.ScrallInToElementAction" name="scrollInToViewAction" time="14.397"/>
</testsuite> <!-- MobileAutomationTesting.ScrallInToElementAction -->
