<?xml version="1.0" encoding="UTF-8"?>
<!-- Generated by org.testng.reporters.JUnitReportReporter -->
<testsuite hostname="DESKTOP-GE6LMT5" failures="0" tests="1" name="MobileAutomationTesting.LongPressGestureTesting" time="9.363" errors="0" timestamp="2025-05-30T13:00:14 IST" skipped="0">
  <testcase classname="MobileAutomationTesting.LongPressGestureTesting" name="appiumTest01" time="9.363"/>
</testsuite> <!-- MobileAutomationTesting.LongPressGestureTesting -->
