<?xml version="1.0" encoding="UTF-8"?>
<!-- Generated by org.testng.reporters.JUnitReportReporter -->
<testsuite hostname="DESKTOP-GE6LMT5" failures="0" tests="1" name="MobileAutomationTesting.ActivityClass" time="0.107" errors="0" timestamp="2025-06-07T23:35:47 IST" skipped="0">
  <testcase classname="MobileAutomationTesting.ActivityClass" name="currentActivity" time="0.107"/>
</testsuite> <!-- MobileAutomationTesting.ActivityClass -->
