<?xml version="1.0" encoding="UTF-8"?>
<!-- Generated by org.testng.reporters.JUnitReportReporter -->
<testsuite hostname="DESKTOP-GE6LMT5" failures="0" tests="1" name="AppsTesting.FirstScript" time="0.003" errors="0" timestamp="2025-06-06T18:32:10 IST" skipped="0">
  <testcase classname="AppsTesting.FirstScript" name="test" time="0.003"/>
</testsuite> <!-- AppsTesting.FirstScript -->
