<?xml version="1.0" encoding="UTF-8"?>
<!-- Generated by org.testng.reporters.JUnitReportReporter -->
<testsuite hostname="DESKTOP-GE6LMT5" failures="0" tests="1" name="MobileAutomationTesting.SwapTotheElement" time="9.175" errors="0" timestamp="2025-06-04T22:08:47 IST" skipped="0">
  <testcase classname="MobileAutomationTesting.SwapTotheElement" name="swapGesture" time="9.175"/>
</testsuite> <!-- MobileAutomationTesting.SwapTotheElement -->
