<?xml version="1.0" encoding="UTF-8"?>
<!-- Generated by org.testng.reporters.JUnitReportReporter -->
<testsuite hostname="DESKTOP-GE6LMT5" failures="0" tests="1" name="MobileAutomationTesting.Zee5AppLaunch" time="0.014" errors="0" timestamp="2025-05-30T13:05:09 IST" skipped="0">
  <testcase classname="MobileAutomationTesting.Zee5AppLaunch" name="zee5App" time="0.014"/>
</testsuite> <!-- MobileAutomationTesting.Zee5AppLaunch -->
