<?xml version="1.0" encoding="UTF-8"?>
<!-- Generated by org.testng.reporters.JUnitReportReporter -->
<testsuite hostname="DESKTOP-GE6LMT5" failures="0" tests="5" name="Tests.HotstarPlayerScreenOutputs" time="581.797" errors="0" timestamp="2025-06-10T22:31:36 IST" skipped="0">
  <testcase classname="Tests.HotstarPlayerScreenOutputs" name="jioHotstarPlayreResult" time="120.301"/>
  <testcase classname="Tests.HotstarPlayerScreenOutputs" name="jioHotstarPlayreResult" time="119.282"/>
  <testcase classname="Tests.HotstarPlayerScreenOutputs" name="jioHotstarPlayreResult" time="118.254"/>
  <testcase classname="Tests.HotstarPlayerScreenOutputs" name="jioHotstarPlayreResult" time="112.129"/>
  <testcase classname="Tests.HotstarPlayerScreenOutputs" name="jioHotstarPlayreResult" time="111.831"/>
</testsuite> <!-- Tests.HotstarPlayerScreenOutputs -->
